0 info it worked if it ends with ok
1 verbose cli [ '/usr/bin/node',
1 verbose cli   '/usr/bin/npm',
1 verbose cli   'install',
1 verbose cli   'grunt-contrib-imagemin@3.2.0' ]
2 info using npm@3.5.3
3 info using node@v5.5.0
4 silly loadCurrentTree Starting
5 silly install loadCurrentTree
6 silly install readLocalPackageData
7 silly fetchPackageMetaData grunt-contrib-imagemin@3.2.0
8 silly fetchNamedPackageData grunt-contrib-imagemin
9 silly mapToRegistry name grunt-contrib-imagemin
10 silly mapToRegistry using default registry
11 silly mapToRegistry registry https://registry.npmjs.org/
12 silly mapToRegistry uri https://registry.npmjs.org/grunt-contrib-imagemin
13 verbose request uri https://registry.npmjs.org/grunt-contrib-imagemin
14 verbose request no auth needed
15 info attempt registry request try #1 at 10:19:06 AM
16 verbose request id ef222615c321656b
17 http request GET https://registry.npmjs.org/grunt-contrib-imagemin
18 http 200 https://registry.npmjs.org/grunt-contrib-imagemin
19 verbose headers { server: 'CouchDB/1.5.0 (Erlang OTP/R16B03)',
19 verbose headers   etag: '"AKZA3HKJHLRTXYWR4FPPT8NCW"',
19 verbose headers   'content-type': 'application/json',
19 verbose headers   'cache-control': 'max-age=300',
19 verbose headers   'content-length': '59456',
19 verbose headers   'accept-ranges': 'bytes',
19 verbose headers   date: 'Tue, 26 Jan 2016 09:19:06 GMT',
19 verbose headers   via: '1.1 varnish',
19 verbose headers   age: '197',
19 verbose headers   connection: 'keep-alive',
19 verbose headers   'x-served-by': 'cache-ams4131-AMS',
19 verbose headers   'x-cache': 'HIT',
19 verbose headers   'x-cache-hits': '1',
19 verbose headers   'x-timer': 'S1453799946.948516,VS0,VE0',
19 verbose headers   vary: 'Accept' }
20 silly get cb [ 200,
20 silly get   { server: 'CouchDB/1.5.0 (Erlang OTP/R16B03)',
20 silly get     etag: '"AKZA3HKJHLRTXYWR4FPPT8NCW"',
20 silly get     'content-type': 'application/json',
20 silly get     'cache-control': 'max-age=300',
20 silly get     'content-length': '59456',
20 silly get     'accept-ranges': 'bytes',
20 silly get     date: 'Tue, 26 Jan 2016 09:19:06 GMT',
20 silly get     via: '1.1 varnish',
20 silly get     age: '197',
20 silly get     connection: 'keep-alive',
20 silly get     'x-served-by': 'cache-ams4131-AMS',
20 silly get     'x-cache': 'HIT',
20 silly get     'x-cache-hits': '1',
20 silly get     'x-timer': 'S1453799946.948516,VS0,VE0',
20 silly get     vary: 'Accept' } ]
21 verbose get saving grunt-contrib-imagemin to /root/.npm/registry.npmjs.org/grunt-contrib-imagemin/.cache.json
22 verbose makeDirectory /root/.npm creation not in flight; initializing
23 silly makeDirectory /root/.npm uid: 1000 gid: 1000
24 silly fetchPackageMetaData Error: No compatible version found: grunt-contrib-imagemin@3.2.0
24 silly fetchPackageMetaData Valid install targets:
24 silly fetchPackageMetaData 1.0.0, 0.9.4, 0.9.3, 0.9.2, 0.9.1, 0.9.0, 0.8.1, 0.8.0, 0.7.2, 0.7.1, 0.7.0, 0.6.1, 0.6.0, 0.5.0, 0.4.1, 0.4.0, 0.3.0, 0.2.1, 0.2.0, 0.1.4, 0.1.3, 0.1.2, 0.1.1, 0.1.1-rc8, 0.1.1-rc7, 0.1.0
24 silly fetchPackageMetaData
24 silly fetchPackageMetaData     at pickVersionFromRegistryDocument (/usr/lib/node_modules/npm/lib/fetch-package-metadata.js:156:16)
24 silly fetchPackageMetaData     at /usr/lib/node_modules/npm/node_modules/iferr/index.js:13:50
24 silly fetchPackageMetaData     at /usr/lib/node_modules/npm/lib/utils/pulse-till-done.js:19:8
24 silly fetchPackageMetaData     at saved (/usr/lib/node_modules/npm/lib/cache/caching-client.js:168:7)
24 silly fetchPackageMetaData     at /usr/lib/node_modules/npm/node_modules/graceful-fs/polyfills.js:210:7
24 silly fetchPackageMetaData     at FSReqWrap.oncomplete (fs.js:82:15)
24 silly fetchPackageMetaData  error for grunt-contrib-imagemin@3.2.0 [Error: No compatible version found: grunt-contrib-imagemin@3.2.0
24 silly fetchPackageMetaData Valid install targets:
24 silly fetchPackageMetaData 1.0.0, 0.9.4, 0.9.3, 0.9.2, 0.9.1, 0.9.0, 0.8.1, 0.8.0, 0.7.2, 0.7.1, 0.7.0, 0.6.1, 0.6.0, 0.5.0, 0.4.1, 0.4.0, 0.3.0, 0.2.1, 0.2.0, 0.1.4, 0.1.3, 0.1.2, 0.1.1, 0.1.1-rc8, 0.1.1-rc7, 0.1.0
24 silly fetchPackageMetaData ]
25 silly rollbackFailedOptional Starting
26 silly rollbackFailedOptional Finishing
27 silly runTopLevelLifecycles Starting
28 silly runTopLevelLifecycles Finishing
29 silly install printInstalled
30 verbose stack Error: No compatible version found: grunt-contrib-imagemin@3.2.0
30 verbose stack Valid install targets:
30 verbose stack 1.0.0, 0.9.4, 0.9.3, 0.9.2, 0.9.1, 0.9.0, 0.8.1, 0.8.0, 0.7.2, 0.7.1, 0.7.0, 0.6.1, 0.6.0, 0.5.0, 0.4.1, 0.4.0, 0.3.0, 0.2.1, 0.2.0, 0.1.4, 0.1.3, 0.1.2, 0.1.1, 0.1.1-rc8, 0.1.1-rc7, 0.1.0
30 verbose stack
30 verbose stack     at pickVersionFromRegistryDocument (/usr/lib/node_modules/npm/lib/fetch-package-metadata.js:156:16)
30 verbose stack     at /usr/lib/node_modules/npm/node_modules/iferr/index.js:13:50
30 verbose stack     at /usr/lib/node_modules/npm/lib/utils/pulse-till-done.js:19:8
30 verbose stack     at saved (/usr/lib/node_modules/npm/lib/cache/caching-client.js:168:7)
30 verbose stack     at /usr/lib/node_modules/npm/node_modules/graceful-fs/polyfills.js:210:7
30 verbose stack     at FSReqWrap.oncomplete (fs.js:82:15)
31 verbose cwd /home/knugen/gitgud/serble/client
32 error Linux 4.3.3-3-ARCH
33 error argv "/usr/bin/node" "/usr/bin/npm" "install" "grunt-contrib-imagemin@3.2.0"
34 error node v5.5.0
35 error npm  v3.5.3
36 error No compatible version found: grunt-contrib-imagemin@3.2.0
36 error Valid install targets:
36 error 1.0.0, 0.9.4, 0.9.3, 0.9.2, 0.9.1, 0.9.0, 0.8.1, 0.8.0, 0.7.2, 0.7.1, 0.7.0, 0.6.1, 0.6.0, 0.5.0, 0.4.1, 0.4.0, 0.3.0, 0.2.1, 0.2.0, 0.1.4, 0.1.3, 0.1.2, 0.1.1, 0.1.1-rc8, 0.1.1-rc7, 0.1.0
37 error If you need help, you may report this error at:
37 error     <https://github.com/npm/npm/issues>
38 verbose exit [ 1, true ]
